2025-09-17 16:58:32,596 [INFO] Запуск NeuroTrade (NT)
2025-09-17 16:58:32,596 [INFO] Режим работы: dry-run
2025-09-17 16:58:32,596 [INFO] Биржа: binance
2025-09-17 16:58:32,596 [INFO] Список пар: пусто
2025-09-17 16:58:32,597 [INFO] Бот готов к работе. Модули ещё не подключены.
2025-09-17 17:02:33,522 [INFO] Запуск NeuroTrade (NT)
2025-09-17 17:02:33,522 [INFO] Режим работы: dry-run
2025-09-17 17:02:33,522 [INFO] Биржа: binance
2025-09-17 17:02:33,522 [INFO] Список пар: пусто
2025-09-17 17:02:33,522 [INFO] Бот готов к работе. Модули ещё не подключены.
2025-09-17 17:07:00,417 [INFO] Запуск NeuroTrade (NT)
2025-09-17 17:07:00,417 [INFO] Режим работы: dry-run
2025-09-17 17:07:00,417 [INFO] Биржа: binance
2025-09-17 17:07:00,424 [INFO] Загружаем список пар с binance...
2025-09-17 17:07:03,742 [INFO] Всего найдено 418 USDT-пар
2025-09-17 17:09:06,056 [INFO] Отобрано 45 пар после фильтров
2025-09-17 17:09:06,090 [INFO] Whitelist: ['BTC/USDT', 'ETH/USDT', 'BNB/USDT', 'LTC/USDT', 'ADA/USDT', 'XRP/USDT', 'TRX/USDT', 'USDC/USDT', 'LINK/USDT', 'DOGE/USDT', 'HBAR/USDT', 'SOL/USDT', 'DOT/USDT', 'UNI/USDT', 'AVAX/USDT', 'AAVE/USDT', 'NEAR/USDT', 'FIL/USDT', 'OG/USDT', 'CAKE/USDT', 'PROM/USDT', 'ARB/USDT', 'SUI/USDT', 'WLD/USDT', 'FDUSD/USDT', 'SEI/USDT', 'BONK/USDT', 'ETHFI/USDT', 'ENA/USDT', 'THE/USDT', 'PENGU/USDT', 'TST/USDT', 'MUBARAK/USDT', 'ONDO/USDT', 'PLUME/USDT', 'MITO/USDT', 'WLFI/USDT', 'SOMI/USDT', 'OPEN/USDT', 'LINEA/USDT', 'HOLO/USDT', 'PUMP/USDT', 'AVNT/USDT', 'ZKC/USDT', 'SKY/USDT']
2025-09-17 17:11:53,678 [INFO] Запуск NeuroTrade (NT)
2025-09-17 17:11:53,678 [INFO] Режим работы: dry-run
2025-09-17 17:11:53,678 [INFO] Биржа: binance
2025-09-17 17:11:53,685 [INFO] Загружаем список пар с binance...
2025-09-17 17:11:56,809 [INFO] Всего найдено 418 USDT-пар
2025-09-17 17:13:53,072 [INFO] Отобрано 45 пар после фильтров
2025-09-17 17:13:53,074 [INFO] Whitelist сохранён в data/whitelist.json
2025-09-17 17:13:53,108 [INFO] Whitelist: ['BTC/USDT', 'ETH/USDT', 'BNB/USDT', 'LTC/USDT', 'ADA/USDT', 'XRP/USDT', 'TRX/USDT', 'USDC/USDT', 'LINK/USDT', 'DOGE/USDT', 'HBAR/USDT', 'SOL/USDT', 'DOT/USDT', 'UNI/USDT', 'AVAX/USDT', 'AAVE/USDT', 'NEAR/USDT', 'FIL/USDT', 'OG/USDT', 'CAKE/USDT', 'PROM/USDT', 'ARB/USDT', 'SUI/USDT', 'WLD/USDT', 'FDUSD/USDT', 'SEI/USDT', 'BONK/USDT', 'ETHFI/USDT', 'ENA/USDT', 'THE/USDT', 'PENGU/USDT', 'TST/USDT', 'MUBARAK/USDT', 'ONDO/USDT', 'PLUME/USDT', 'MITO/USDT', 'WLFI/USDT', 'SOMI/USDT', 'OPEN/USDT', 'LINEA/USDT', 'HOLO/USDT', 'PUMP/USDT', 'AVNT/USDT', 'ZKC/USDT', 'SKY/USDT']
2025-09-17 17:28:19,132 [INFO] Запуск NeuroTrade (NT)
2025-09-17 17:28:19,132 [INFO] Режим работы: dry-run
2025-09-17 17:28:19,132 [INFO] Биржа: binance
2025-09-17 17:28:19,132 [INFO] Загружаем whitelist из data/whitelist.json (возраст 0.2 ч.)
2025-09-17 17:28:37,049 [INFO] ТОП-5 пар по объёму (USDT):
2025-09-17 17:28:37,049 [INFO] USDC/USDT: 2,556,689,817 USDT
2025-09-17 17:28:37,050 [INFO] BTC/USDT: 1,509,442,392 USDT
2025-09-17 17:28:37,050 [INFO] ETH/USDT: 1,337,120,290 USDT
2025-09-17 17:28:37,050 [INFO] SOL/USDT: 758,165,577 USDT
2025-09-17 17:28:37,050 [INFO] DOGE/USDT: 365,766,535 USDT
2025-09-17 17:28:37,083 [INFO] Whitelist: ['BTC/USDT', 'ETH/USDT', 'BNB/USDT', 'LTC/USDT', 'ADA/USDT', 'XRP/USDT', 'TRX/USDT', 'USDC/USDT', 'LINK/USDT', 'DOGE/USDT', 'HBAR/USDT', 'SOL/USDT', 'DOT/USDT', 'UNI/USDT', 'AVAX/USDT', 'AAVE/USDT', 'NEAR/USDT', 'FIL/USDT', 'OG/USDT', 'CAKE/USDT', 'PROM/USDT', 'ARB/USDT', 'SUI/USDT', 'WLD/USDT', 'FDUSD/USDT', 'SEI/USDT', 'BONK/USDT', 'ETHFI/USDT', 'ENA/USDT', 'THE/USDT', 'PENGU/USDT', 'TST/USDT', 'MUBARAK/USDT', 'ONDO/USDT', 'PLUME/USDT', 'MITO/USDT', 'WLFI/USDT', 'SOMI/USDT', 'OPEN/USDT', 'LINEA/USDT', 'HOLO/USDT', 'PUMP/USDT', 'AVNT/USDT', 'ZKC/USDT', 'SKY/USDT']
2025-09-17 17:28:37,090 [INFO] Запуск стратегии SMA для 45 пар...
2025-09-17 17:28:40,208 [INFO] BTC/USDT: HOLD
2025-09-17 17:28:40,460 [INFO] ETH/USDT: SELL
2025-09-17 17:28:40,712 [INFO] BNB/USDT: HOLD
2025-09-17 17:28:40,970 [INFO] LTC/USDT: HOLD
2025-09-17 17:28:41,226 [INFO] ADA/USDT: HOLD
2025-09-17 17:28:41,481 [INFO] XRP/USDT: HOLD
2025-09-17 17:28:42,195 [INFO] TRX/USDT: BUY
2025-09-17 17:28:42,901 [INFO] USDC/USDT: HOLD
2025-09-17 17:28:43,612 [INFO] LINK/USDT: HOLD
2025-09-17 17:28:43,864 [INFO] DOGE/USDT: BUY
2025-09-17 17:28:44,591 [INFO] HBAR/USDT: HOLD
2025-09-17 17:28:45,304 [INFO] SOL/USDT: HOLD
2025-09-17 17:28:46,017 [INFO] DOT/USDT: HOLD
2025-09-17 17:28:46,273 [INFO] UNI/USDT: SELL
2025-09-17 17:28:46,979 [INFO] AVAX/USDT: HOLD
2025-09-17 17:28:47,688 [INFO] AAVE/USDT: HOLD
2025-09-17 17:28:47,946 [INFO] NEAR/USDT: HOLD
2025-09-17 17:28:48,199 [INFO] FIL/USDT: HOLD
2025-09-17 17:28:48,455 [INFO] OG/USDT: HOLD
2025-09-17 17:28:48,712 [INFO] CAKE/USDT: SELL
2025-09-17 17:28:48,976 [INFO] PROM/USDT: HOLD
2025-09-17 17:28:49,227 [INFO] ARB/USDT: HOLD
2025-09-17 17:28:49,478 [INFO] SUI/USDT: HOLD
2025-09-17 17:28:49,733 [INFO] WLD/USDT: HOLD
2025-09-17 17:28:49,982 [INFO] FDUSD/USDT: BUY
2025-09-17 17:28:50,231 [INFO] SEI/USDT: HOLD
2025-09-17 17:28:50,483 [INFO] BONK/USDT: HOLD
2025-09-17 17:28:50,737 [INFO] ETHFI/USDT: HOLD
2025-09-17 17:28:50,993 [INFO] ENA/USDT: HOLD
2025-09-17 17:28:51,244 [INFO] THE/USDT: BUY
2025-09-17 17:28:51,500 [INFO] PENGU/USDT: HOLD
2025-09-17 17:28:51,754 [INFO] TST/USDT: HOLD
2025-09-17 17:28:52,004 [INFO] MUBARAK/USDT: HOLD
2025-09-17 17:28:52,257 [INFO] ONDO/USDT: HOLD
2025-09-17 17:28:52,517 [INFO] PLUME/USDT: HOLD
2025-09-17 17:28:52,773 [INFO] MITO/USDT: HOLD
2025-09-17 17:28:53,024 [INFO] WLFI/USDT: HOLD
2025-09-17 17:28:53,289 [INFO] SOMI/USDT: HOLD
2025-09-17 17:28:53,545 [INFO] OPEN/USDT: HOLD
2025-09-17 17:28:53,796 [INFO] LINEA/USDT: HOLD
2025-09-17 17:28:54,046 [INFO] HOLO/USDT: HOLD
2025-09-17 17:28:54,296 [INFO] PUMP/USDT: HOLD
2025-09-17 17:28:54,546 [INFO] AVNT/USDT: HOLD
2025-09-17 17:28:54,796 [INFO] ZKC/USDT: HOLD
2025-09-17 17:28:55,049 [INFO] SKY/USDT: HOLD
